[debug] [2025-12-22T16:10:58.898Z] ----------------------------------------------------------------------
[debug] [2025-12-22T16:10:58.906Z] Command:       /opt/homebrew/Cellar/node/24.1.0/bin/node /opt/homebrew/bin/firebase deploy --only functions
[debug] [2025-12-22T16:10:58.906Z] CLI Version:   15.1.0
[debug] [2025-12-22T16:10:58.906Z] Platform:      darwin
[debug] [2025-12-22T16:10:58.906Z] Node Version:  v24.1.0
[debug] [2025-12-22T16:10:58.906Z] Time:          Mon Dec 22 2025 16:10:58 GMT+0000 (Western European Standard Time)
[debug] [2025-12-22T16:10:58.906Z] ----------------------------------------------------------------------
[debug] 
[debug] [2025-12-22T16:11:00.730Z] > command requires scopes: ["email","openid","https://www.googleapis.com/auth/cloudplatformprojects.readonly","https://www.googleapis.com/auth/firebase","https://www.googleapis.com/auth/cloud-platform"]
[debug] [2025-12-22T16:11:00.730Z] > authorizing via signed-in user (hugocapela123456@gmail.com)
[debug] [2025-12-22T16:11:00.730Z] [iam] checking project lojasocial-ipca for permissions ["cloudfunctions.functions.create","cloudfunctions.functions.delete","cloudfunctions.functions.get","cloudfunctions.functions.list","cloudfunctions.functions.update","cloudfunctions.operations.get","firebase.projects.get"]
[debug] [2025-12-22T16:11:00.732Z] Checked if tokens are valid: true, expires at: 1766422301097
[debug] [2025-12-22T16:11:00.732Z] Checked if tokens are valid: true, expires at: 1766422301097
[debug] [2025-12-22T16:11:00.733Z] >>> [apiv2][query] POST https://cloudresourcemanager.googleapis.com/v1/projects/lojasocial-ipca:testIamPermissions [none]
[debug] [2025-12-22T16:11:00.733Z] >>> [apiv2][(partial)header] POST https://cloudresourcemanager.googleapis.com/v1/projects/lojasocial-ipca:testIamPermissions x-goog-quota-user=projects/lojasocial-ipca
[debug] [2025-12-22T16:11:00.733Z] >>> [apiv2][body] POST https://cloudresourcemanager.googleapis.com/v1/projects/lojasocial-ipca:testIamPermissions {"permissions":["cloudfunctions.functions.create","cloudfunctions.functions.delete","cloudfunctions.functions.get","cloudfunctions.functions.list","cloudfunctions.functions.update","cloudfunctions.operations.get","firebase.projects.get"]}
[debug] [2025-12-22T16:11:01.665Z] <<< [apiv2][status] POST https://cloudresourcemanager.googleapis.com/v1/projects/lojasocial-ipca:testIamPermissions 200
[debug] [2025-12-22T16:11:01.666Z] <<< [apiv2][body] POST https://cloudresourcemanager.googleapis.com/v1/projects/lojasocial-ipca:testIamPermissions {"permissions":["cloudfunctions.functions.create","cloudfunctions.functions.delete","cloudfunctions.functions.get","cloudfunctions.functions.list","cloudfunctions.functions.update","cloudfunctions.operations.get","firebase.projects.get"]}
[debug] [2025-12-22T16:11:01.666Z] Checked if tokens are valid: true, expires at: 1766422301097
[debug] [2025-12-22T16:11:01.666Z] Checked if tokens are valid: true, expires at: 1766422301097
[debug] [2025-12-22T16:11:01.666Z] >>> [apiv2][query] POST https://iam.googleapis.com/v1/projects/lojasocial-ipca/serviceAccounts/lojasocial-ipca@appspot.gserviceaccount.com:testIamPermissions [none]
[debug] [2025-12-22T16:11:01.666Z] >>> [apiv2][body] POST https://iam.googleapis.com/v1/projects/lojasocial-ipca/serviceAccounts/lojasocial-ipca@appspot.gserviceaccount.com:testIamPermissions {"permissions":["iam.serviceAccounts.actAs"]}
[debug] [2025-12-22T16:11:02.348Z] <<< [apiv2][status] POST https://iam.googleapis.com/v1/projects/lojasocial-ipca/serviceAccounts/lojasocial-ipca@appspot.gserviceaccount.com:testIamPermissions 200
[debug] [2025-12-22T16:11:02.348Z] <<< [apiv2][body] POST https://iam.googleapis.com/v1/projects/lojasocial-ipca/serviceAccounts/lojasocial-ipca@appspot.gserviceaccount.com:testIamPermissions {"permissions":["iam.serviceAccounts.actAs"]}
[info] 
[info] === Deploying to 'lojasocial-ipca'...
[info] 
[info] i  deploying functions 
[debug] [2025-12-22T16:11:02.355Z] Checked if tokens are valid: true, expires at: 1766422301097
[debug] [2025-12-22T16:11:02.355Z] Checked if tokens are valid: true, expires at: 1766422301097
[debug] [2025-12-22T16:11:02.355Z] >>> [apiv2][query] GET https://cloudresourcemanager.googleapis.com/v1/projects/lojasocial-ipca [none]
[debug] [2025-12-22T16:11:02.576Z] <<< [apiv2][status] GET https://cloudresourcemanager.googleapis.com/v1/projects/lojasocial-ipca 200
[debug] [2025-12-22T16:11:02.576Z] <<< [apiv2][body] GET https://cloudresourcemanager.googleapis.com/v1/projects/lojasocial-ipca {"projectNumber":"1079460625221","projectId":"lojasocial-ipca","lifecycleState":"ACTIVE","name":"LojaSocial-IPCA","labels":{"firebase":"enabled","firebase-core":"disabled"},"createTime":"2025-11-05T18:41:59.034969Z"}
[info] i  functions: preparing codebase default for deployment 
[info] i  functions: ensuring required API cloudfunctions.googleapis.com is enabled... 
[info] i  functions: ensuring required API cloudbuild.googleapis.com is enabled... 
[info] i  artifactregistry: ensuring required API artifactregistry.googleapis.com is enabled... 
[debug] [2025-12-22T16:11:02.579Z] Checked if tokens are valid: true, expires at: 1766422301097
[debug] [2025-12-22T16:11:02.579Z] Checked if tokens are valid: true, expires at: 1766422301097
[debug] [2025-12-22T16:11:02.579Z] >>> [apiv2][query] GET https://firebase.googleapis.com/v1beta1/projects/lojasocial-ipca/adminSdkConfig [none]
[debug] [2025-12-22T16:11:02.958Z] <<< [apiv2][status] GET https://firebase.googleapis.com/v1beta1/projects/lojasocial-ipca/adminSdkConfig 200
[debug] [2025-12-22T16:11:02.958Z] <<< [apiv2][body] GET https://firebase.googleapis.com/v1beta1/projects/lojasocial-ipca/adminSdkConfig {"projectId":"lojasocial-ipca","storageBucket":"lojasocial-ipca.firebasestorage.app"}
[debug] [2025-12-22T16:11:02.962Z] Validating nodejs source
[warn] ⚠  functions: Couldn't find firebase-functions package in your source code. Have you run 'npm install'? 
[debug] [2025-12-22T16:11:02.964Z] getFunctionsSDKVersion encountered error: Cannot find module 'firebase-functions'
Require stack:
- /opt/homebrew/lib/node_modules/firebase-tools/lib/deploy/functions/runtimes/node/versioning.js
- /opt/homebrew/lib/node_modules/firebase-tools/lib/deploy/functions/runtimes/node/index.js
- /opt/homebrew/lib/node_modules/firebase-tools/lib/deploy/functions/runtimes/index.js
- /opt/homebrew/lib/node_modules/firebase-tools/lib/deploy/functions/prepare.js
- /opt/homebrew/lib/node_modules/firebase-tools/lib/emulator/functionsEmulatorShared.js
- /opt/homebrew/lib/node_modules/firebase-tools/lib/frameworks/index.js
- /opt/homebrew/lib/node_modules/firebase-tools/lib/deploy/hosting/prepare.js
- /opt/homebrew/lib/node_modules/firebase-tools/lib/deploy/hosting/index.js
- /opt/homebrew/lib/node_modules/firebase-tools/lib/deploy/index.js
- /opt/homebrew/lib/node_modules/firebase-tools/lib/commands/deploy.js
- /opt/homebrew/lib/node_modules/firebase-tools/lib/commands/index.js
- /opt/homebrew/lib/node_modules/firebase-tools/lib/index.js
- /opt/homebrew/lib/node_modules/firebase-tools/lib/bin/cli.js
- /opt/homebrew/lib/node_modules/firebase-tools/lib/bin/firebase.js {"code":"MODULE_NOT_FOUND","requireStack":["/opt/homebrew/lib/node_modules/firebase-tools/lib/deploy/functions/runtimes/node/versioning.js","/opt/homebrew/lib/node_modules/firebase-tools/lib/deploy/functions/runtimes/node/index.js","/opt/homebrew/lib/node_modules/firebase-tools/lib/deploy/functions/runtimes/index.js","/opt/homebrew/lib/node_modules/firebase-tools/lib/deploy/functions/prepare.js","/opt/homebrew/lib/node_modules/firebase-tools/lib/emulator/functionsEmulatorShared.js","/opt/homebrew/lib/node_modules/firebase-tools/lib/frameworks/index.js","/opt/homebrew/lib/node_modules/firebase-tools/lib/deploy/hosting/prepare.js","/opt/homebrew/lib/node_modules/firebase-tools/lib/deploy/hosting/index.js","/opt/homebrew/lib/node_modules/firebase-tools/lib/deploy/index.js","/opt/homebrew/lib/node_modules/firebase-tools/lib/commands/deploy.js","/opt/homebrew/lib/node_modules/firebase-tools/lib/commands/index.js","/opt/homebrew/lib/node_modules/firebase-tools/lib/index.js","/opt/homebrew/lib/node_modules/firebase-tools/lib/bin/cli.js","/opt/homebrew/lib/node_modules/firebase-tools/lib/bin/firebase.js"]}
[debug] [2025-12-22T16:11:02.967Z] checkFunctionsSDKVersion encountered error: Invalid Version:  {}
[debug] [2025-12-22T16:11:02.968Z] > [functions] package.json contents: {
  "name": "functions",
  "description": "Cloud Functions for Firebase",
  "scripts": {
    "serve": "firebase emulators:start --only functions",
    "shell": "firebase functions:shell",
    "start": "npm run shell",
    "deploy": "firebase deploy --only functions",
    "logs": "firebase functions:log"
  },
  "engines": {
    "node": "24"
  },
  "main": "index.js",
  "dependencies": {
    "firebase-admin": "^13.6.0",
    "firebase-functions": "^7.0.0"
  },
  "devDependencies": {
    "firebase-functions-test": "^3.4.1"
  },
  "private": true
}
[debug] [2025-12-22T16:11:02.968Z] Building nodejs source
[info] i  functions: Loading and analyzing source code for codebase default to determine what to deploy 
[debug] [2025-12-22T16:11:02.968Z] Could not parse firebase-functions version '' into semver.
[debug] [2025-12-22T16:11:02.969Z] Could not find functions.yaml. Must use http discovery
[debug] [2025-12-22T16:11:03.200Z] Error: Cannot find module 'firebase-functions'
Require stack:
- /opt/homebrew/lib/node_modules/firebase-tools/lib/deploy/functions/runtimes/node/index.js
- /opt/homebrew/lib/node_modules/firebase-tools/lib/deploy/functions/runtimes/index.js
- /opt/homebrew/lib/node_modules/firebase-tools/lib/deploy/functions/prepare.js
- /opt/homebrew/lib/node_modules/firebase-tools/lib/emulator/functionsEmulatorShared.js
- /opt/homebrew/lib/node_modules/firebase-tools/lib/frameworks/index.js
- /opt/homebrew/lib/node_modules/firebase-tools/lib/deploy/hosting/prepare.js
- /opt/homebrew/lib/node_modules/firebase-tools/lib/deploy/hosting/index.js
- /opt/homebrew/lib/node_modules/firebase-tools/lib/deploy/index.js
- /opt/homebrew/lib/node_modules/firebase-tools/lib/commands/deploy.js
- /opt/homebrew/lib/node_modules/firebase-tools/lib/commands/index.js
- /opt/homebrew/lib/node_modules/firebase-tools/lib/index.js
- /opt/homebrew/lib/node_modules/firebase-tools/lib/bin/cli.js
- /opt/homebrew/lib/node_modules/firebase-tools/lib/bin/firebase.js
    at Module._resolveFilename (node:internal/modules/cjs/loader:1405:15)
    at require.resolve (node:internal/modules/helpers:145:19)
    at Delegate.findFunctionsBinary (/opt/homebrew/lib/node_modules/firebase-tools/lib/deploy/functions/runtimes/node/index.js:101:33)
    at Delegate.spawnFunctionsProcess (/opt/homebrew/lib/node_modules/firebase-tools/lib/deploy/functions/runtimes/node/index.js:125:30)
    at Delegate.serveAdmin (/opt/homebrew/lib/node_modules/firebase-tools/lib/deploy/functions/runtimes/node/index.js:143:35)
    at Delegate.discoverBuild (/opt/homebrew/lib/node_modules/firebase-tools/lib/deploy/functions/runtimes/node/index.js:183:41)
    at process.processTicksAndRejections (node:internal/process/task_queues:105:5)
    at async loadCodebases (/opt/homebrew/lib/node_modules/firebase-tools/lib/deploy/functions/prepare.js:324:33)
    at async prepare (/opt/homebrew/lib/node_modules/firebase-tools/lib/deploy/functions/prepare.js:66:24)
    at async chain (/opt/homebrew/lib/node_modules/firebase-tools/lib/deploy/index.js:43:9)
[error] 
[error] Error: An unexpected error has occurred.
